INFO 2025-07-24 00:15:09,791 autoreload 61900 8572821248 Watching for file changes with StatReloader
INFO 2025-07-24 00:15:17,106 basehttp 61900 6202355712 "POST /api/auth/login/ HTTP/1.1" 200 651
INFO 2025-07-24 00:15:26,983 basehttp 61900 6202355712 "POST /api/auth/register/ HTTP/1.1" 201 165
ERROR 2025-07-24 00:15:32,899 exception 61900 6202355712 Invalid HTTP_HOST header: '0.0.0.0:8000'. You may need to add '0.0.0.0' to ALLOWED_HOSTS.
Traceback (most recent call last):
  File "/Users/happyfox/Desktop/FeatureManagement/venv/lib/python3.11/site-packages/django/core/handlers/exception.py", line 55, in inner
    response = get_response(request)
               ^^^^^^^^^^^^^^^^^^^^^
  File "/Users/happyfox/Desktop/FeatureManagement/venv/lib/python3.11/site-packages/django/utils/deprecation.py", line 133, in __call__
    response = self.process_request(request)
               ^^^^^^^^^^^^^^^^^^^^^^^^^^^^^
  File "/Users/happyfox/Desktop/FeatureManagement/venv/lib/python3.11/site-packages/django/middleware/common.py", line 48, in process_request
    host = request.get_host()
           ^^^^^^^^^^^^^^^^^^
  File "/Users/happyfox/Desktop/FeatureManagement/venv/lib/python3.11/site-packages/django/http/request.py", line 150, in get_host
    raise DisallowedHost(msg)
django.core.exceptions.DisallowedHost: Invalid HTTP_HOST header: '0.0.0.0:8000'. You may need to add '0.0.0.0' to ALLOWED_HOSTS.
WARNING 2025-07-24 00:15:32,925 log 61900 6202355712 Bad Request: /
WARNING 2025-07-24 00:15:32,925 basehttp 61900 6202355712 "GET / HTTP/1.1" 400 71155
ERROR 2025-07-24 00:15:33,005 exception 61900 6219182080 Invalid HTTP_HOST header: '0.0.0.0:8000'. You may need to add '0.0.0.0' to ALLOWED_HOSTS.
Traceback (most recent call last):
  File "/Users/happyfox/Desktop/FeatureManagement/venv/lib/python3.11/site-packages/django/core/handlers/exception.py", line 55, in inner
    response = get_response(request)
               ^^^^^^^^^^^^^^^^^^^^^
  File "/Users/happyfox/Desktop/FeatureManagement/venv/lib/python3.11/site-packages/django/utils/deprecation.py", line 133, in __call__
    response = self.process_request(request)
               ^^^^^^^^^^^^^^^^^^^^^^^^^^^^^
  File "/Users/happyfox/Desktop/FeatureManagement/venv/lib/python3.11/site-packages/django/middleware/common.py", line 48, in process_request
    host = request.get_host()
           ^^^^^^^^^^^^^^^^^^
  File "/Users/happyfox/Desktop/FeatureManagement/venv/lib/python3.11/site-packages/django/http/request.py", line 150, in get_host
    raise DisallowedHost(msg)
django.core.exceptions.DisallowedHost: Invalid HTTP_HOST header: '0.0.0.0:8000'. You may need to add '0.0.0.0' to ALLOWED_HOSTS.
WARNING 2025-07-24 00:15:33,024 log 61900 6219182080 Bad Request: /favicon.ico
WARNING 2025-07-24 00:15:33,024 basehttp 61900 6219182080 "GET /favicon.ico HTTP/1.1" 400 71206
INFO 2025-07-24 00:15:41,740 basehttp 61900 6202355712 "GET /api/auth/me/ HTTP/1.1" 200 458
ERROR 2025-07-24 00:16:01,747 exception 61900 6202355712 Invalid HTTP_HOST header: '0.0.0.0:8000'. You may need to add '0.0.0.0' to ALLOWED_HOSTS.
Traceback (most recent call last):
  File "/Users/happyfox/Desktop/FeatureManagement/venv/lib/python3.11/site-packages/django/core/handlers/exception.py", line 55, in inner
    response = get_response(request)
               ^^^^^^^^^^^^^^^^^^^^^
  File "/Users/happyfox/Desktop/FeatureManagement/venv/lib/python3.11/site-packages/django/utils/deprecation.py", line 133, in __call__
    response = self.process_request(request)
               ^^^^^^^^^^^^^^^^^^^^^^^^^^^^^
  File "/Users/happyfox/Desktop/FeatureManagement/venv/lib/python3.11/site-packages/django/middleware/common.py", line 48, in process_request
    host = request.get_host()
           ^^^^^^^^^^^^^^^^^^
  File "/Users/happyfox/Desktop/FeatureManagement/venv/lib/python3.11/site-packages/django/http/request.py", line 150, in get_host
    raise DisallowedHost(msg)
django.core.exceptions.DisallowedHost: Invalid HTTP_HOST header: '0.0.0.0:8000'. You may need to add '0.0.0.0' to ALLOWED_HOSTS.
WARNING 2025-07-24 00:16:01,767 log 61900 6202355712 Bad Request: /
WARNING 2025-07-24 00:16:01,768 basehttp 61900 6202355712 "GET / HTTP/1.1" 400 71155
ERROR 2025-07-24 00:16:01,851 exception 61900 6219182080 Invalid HTTP_HOST header: '0.0.0.0:8000'. You may need to add '0.0.0.0' to ALLOWED_HOSTS.
Traceback (most recent call last):
  File "/Users/happyfox/Desktop/FeatureManagement/venv/lib/python3.11/site-packages/django/core/handlers/exception.py", line 55, in inner
    response = get_response(request)
               ^^^^^^^^^^^^^^^^^^^^^
  File "/Users/happyfox/Desktop/FeatureManagement/venv/lib/python3.11/site-packages/django/utils/deprecation.py", line 133, in __call__
    response = self.process_request(request)
               ^^^^^^^^^^^^^^^^^^^^^^^^^^^^^
  File "/Users/happyfox/Desktop/FeatureManagement/venv/lib/python3.11/site-packages/django/middleware/common.py", line 48, in process_request
    host = request.get_host()
           ^^^^^^^^^^^^^^^^^^
  File "/Users/happyfox/Desktop/FeatureManagement/venv/lib/python3.11/site-packages/django/http/request.py", line 150, in get_host
    raise DisallowedHost(msg)
django.core.exceptions.DisallowedHost: Invalid HTTP_HOST header: '0.0.0.0:8000'. You may need to add '0.0.0.0' to ALLOWED_HOSTS.
WARNING 2025-07-24 00:16:01,865 log 61900 6219182080 Bad Request: /favicon.ico
WARNING 2025-07-24 00:16:01,865 basehttp 61900 6219182080 "GET /favicon.ico HTTP/1.1" 400 71206
INFO 2025-07-24 00:16:45,092 autoreload 63047 8572821248 Watching for file changes with StatReloader
WARNING 2025-07-24 00:16:52,390 log 63047 6191411200 Not Found: /
WARNING 2025-07-24 00:16:52,390 basehttp 63047 6191411200 "GET / HTTP/1.1" 404 2434
WARNING 2025-07-24 00:16:52,482 log 63047 6191411200 Not Found: /favicon.ico
WARNING 2025-07-24 00:16:52,482 basehttp 63047 6191411200 "GET /favicon.ico HTTP/1.1" 404 2485
INFO 2025-07-24 00:16:57,602 basehttp 63047 6191411200 "GET /admin/ HTTP/1.1" 302 0
INFO 2025-07-24 00:16:57,625 basehttp 63047 6191411200 "GET /admin/login/?next=/admin/ HTTP/1.1" 200 4184
INFO 2025-07-24 00:16:57,659 basehttp 63047 6241890304 "GET /static/admin/css/login.css HTTP/1.1" 200 958
INFO 2025-07-24 00:16:57,659 basehttp 63047 6225063936 "GET /static/admin/css/nav_sidebar.css HTTP/1.1" 200 2694
INFO 2025-07-24 00:16:57,660 basehttp 63047 6275543040 "GET /static/admin/js/theme.js HTTP/1.1" 200 1943
INFO 2025-07-24 00:16:57,660 basehttp 63047 6208237568 "GET /static/admin/css/dark_mode.css HTTP/1.1" 200 2929
INFO 2025-07-24 00:16:57,663 basehttp 63047 6258716672 "GET /static/admin/css/responsive.css HTTP/1.1" 200 18533
INFO 2025-07-24 00:16:57,664 basehttp 63047 6225063936 "GET /static/admin/js/nav_sidebar.js HTTP/1.1" 200 3063
INFO 2025-07-24 00:16:57,664 basehttp 63047 6191411200 "GET /static/admin/css/base.css HTTP/1.1" 200 21207
INFO 2025-07-24 00:17:13,121 basehttp 63047 6191411200 "POST /admin/login/?next=/admin/ HTTP/1.1" 200 4356
INFO 2025-07-24 00:28:24,292 autoreload 63047 8572821248 /Users/happyfox/Desktop/FeatureManagement/feedback_management/settings.py changed, reloading.
INFO 2025-07-24 00:28:24,679 autoreload 65144 8572821248 Watching for file changes with StatReloader
INFO 2025-07-24 00:30:06,567 autoreload 65144 8572821248 /Users/happyfox/Desktop/FeatureManagement/feedback/models.py changed, reloading.
INFO 2025-07-24 00:30:07,142 autoreload 65224 8572821248 Watching for file changes with StatReloader
INFO 2025-07-24 00:31:17,336 autoreload 65224 8572821248 /Users/happyfox/Desktop/FeatureManagement/feedback/admin.py changed, reloading.
INFO 2025-07-24 00:31:17,917 autoreload 65238 8572821248 Watching for file changes with StatReloader
INFO 2025-07-24 00:31:46,911 autoreload 65238 8572821248 /Users/happyfox/Desktop/FeatureManagement/feedback/apps.py changed, reloading.
INFO 2025-07-24 00:31:47,425 autoreload 65266 8572821248 Watching for file changes with StatReloader
INFO 2025-07-24 00:32:02,781 autoreload 65266 8572821248 /Users/happyfox/Desktop/FeatureManagement/feedback/signals.py changed, reloading.
INFO 2025-07-24 00:32:03,151 autoreload 65399 8572821248 Watching for file changes with StatReloader
INFO 2025-07-24 00:34:50,416 autoreload 66130 8572821248 Watching for file changes with StatReloader
INFO 2025-07-24 00:36:05,838 autoreload 66346 8572821248 Watching for file changes with StatReloader
WARNING 2025-07-24 00:36:14,365 log 66346 6199717888 Not Found: /
WARNING 2025-07-24 00:36:14,366 basehttp 66346 6199717888 "GET / HTTP/1.1" 404 2434
WARNING 2025-07-24 00:36:15,092 log 66346 6199717888 Not Found: /
WARNING 2025-07-24 00:36:15,093 basehttp 66346 6199717888 "GET / HTTP/1.1" 404 2434
INFO 2025-07-24 00:36:18,788 basehttp 66346 6199717888 "GET /admin/ HTTP/1.1" 302 0
INFO 2025-07-24 00:36:18,811 basehttp 66346 6199717888 "GET /admin/login/?next=/admin/ HTTP/1.1" 200 4184
INFO 2025-07-24 00:36:18,830 basehttp 66346 6199717888 "GET /static/admin/css/base.css HTTP/1.1" 304 0
INFO 2025-07-24 00:36:18,831 basehttp 66346 6216544256 "GET /static/admin/css/dark_mode.css HTTP/1.1" 304 0
INFO 2025-07-24 00:36:18,831 basehttp 66346 6233370624 "GET /static/admin/css/nav_sidebar.css HTTP/1.1" 304 0
INFO 2025-07-24 00:36:18,833 basehttp 66346 6250196992 "GET /static/admin/css/responsive.css HTTP/1.1" 304 0
INFO 2025-07-24 00:36:18,834 basehttp 66346 6267023360 "GET /static/admin/css/login.css HTTP/1.1" 304 0
INFO 2025-07-24 00:36:18,834 basehttp 66346 6283849728 "GET /static/admin/js/theme.js HTTP/1.1" 304 0
INFO 2025-07-24 00:36:18,834 basehttp 66346 6233370624 "GET /static/admin/js/nav_sidebar.js HTTP/1.1" 304 0
INFO 2025-07-24 00:36:37,802 basehttp 66346 6199717888 "POST /admin/login/?next=/admin/ HTTP/1.1" 302 0
INFO 2025-07-24 00:36:37,818 basehttp 66346 6199717888 "GET /admin/ HTTP/1.1" 200 8272
INFO 2025-07-24 00:36:37,847 basehttp 66346 6233370624 "GET /static/admin/css/dashboard.css HTTP/1.1" 200 441
INFO 2025-07-24 00:36:37,847 basehttp 66346 6199717888 "GET /static/admin/img/icon-changelink.svg HTTP/1.1" 200 380
INFO 2025-07-24 00:36:37,847 basehttp 66346 6216544256 "GET /static/admin/img/icon-addlink.svg HTTP/1.1" 200 331
INFO 2025-07-24 00:36:37,848 basehttp 66346 6250196992 "GET /static/admin/img/icon-viewlink.svg HTTP/1.1" 200 581
INFO 2025-07-24 00:36:46,033 basehttp 66346 6199717888 "GET /admin/feedback/board/add/ HTTP/1.1" 200 23811
INFO 2025-07-24 00:36:46,058 basehttp 66346 6216544256 "GET /static/admin/css/forms.css HTTP/1.1" 200 9047
INFO 2025-07-24 00:36:46,061 basehttp 66346 6250196992 "GET /static/admin/js/collapse.js HTTP/1.1" 200 1803
INFO 2025-07-24 00:36:46,062 basehttp 66346 6283849728 "GET /static/admin/js/core.js HTTP/1.1" 200 5682
INFO 2025-07-24 00:36:46,067 basehttp 66346 6199717888 "GET /admin/jsi18n/ HTTP/1.1" 200 3343
INFO 2025-07-24 00:36:46,067 basehttp 66346 6267023360 "GET /static/admin/js/jquery.init.js HTTP/1.1" 200 347
INFO 2025-07-24 00:36:46,067 basehttp 66346 6216544256 "GET /static/admin/js/admin/RelatedObjectLookups.js HTTP/1.1" 200 8943
INFO 2025-07-24 00:36:46,068 basehttp 66346 6283849728 "GET /static/admin/js/SelectBox.js HTTP/1.1" 200 4530
INFO 2025-07-24 00:36:46,068 basehttp 66346 6250196992 "GET /static/admin/css/widgets.css HTTP/1.1" 200 11900
INFO 2025-07-24 00:36:46,075 basehttp 66346 6267023360 "GET /static/admin/js/SelectFilter2.js HTTP/1.1" 200 15292
INFO 2025-07-24 00:36:46,077 basehttp 66346 6216544256 "GET /static/admin/js/urlify.js HTTP/1.1" 200 7887
INFO 2025-07-24 00:36:46,078 basehttp 66346 6199717888 "GET /static/admin/js/actions.js HTTP/1.1" 200 7872
INFO 2025-07-24 00:36:46,078 basehttp 66346 6283849728 "GET /static/admin/js/prepopulate.js HTTP/1.1" 200 1531
INFO 2025-07-24 00:36:46,081 basehttp 66346 6267023360 "GET /static/admin/js/prepopulate_init.js HTTP/1.1" 200 586
INFO 2025-07-24 00:36:46,083 basehttp 66346 6250196992 "GET /static/admin/js/vendor/xregexp/xregexp.js HTTP/1.1" 200 232381
INFO 2025-07-24 00:36:46,083 basehttp 66346 6233370624 "GET /static/admin/js/vendor/jquery/jquery.js HTTP/1.1" 200 292458
INFO 2025-07-24 00:36:46,086 basehttp 66346 6233370624 "GET /static/admin/js/change_form.js HTTP/1.1" 200 606
INFO 2025-07-24 00:36:50,490 basehttp 66346 6199717888 "GET /admin/ HTTP/1.1" 200 8272
INFO 2025-07-24 00:36:51,095 basehttp 66346 6199717888 "GET /admin/login/?next=/admin/ HTTP/1.1" 302 0
INFO 2025-07-24 00:36:51,109 basehttp 66346 6199717888 "GET /admin/ HTTP/1.1" 200 8272
INFO 2025-07-24 00:36:54,094 basehttp 66346 6199717888 "GET /admin/accounts/user/ HTTP/1.1" 200 19731
INFO 2025-07-24 00:36:54,108 basehttp 66346 6216544256 "GET /static/admin/css/changelists.css HTTP/1.1" 200 6566
INFO 2025-07-24 00:36:54,115 basehttp 66346 6199717888 "GET /admin/jsi18n/ HTTP/1.1" 200 3343
INFO 2025-07-24 00:36:54,116 basehttp 66346 6233370624 "GET /static/admin/img/search.svg HTTP/1.1" 200 458
INFO 2025-07-24 00:36:54,116 basehttp 66346 6250196992 "GET /static/admin/img/icon-yes.svg HTTP/1.1" 200 436
INFO 2025-07-24 00:36:54,127 basehttp 66346 6250196992 "GET /static/admin/js/filters.js HTTP/1.1" 200 978
INFO 2025-07-24 00:36:54,127 basehttp 66346 6233370624 "GET /static/admin/img/icon-no.svg HTTP/1.1" 200 560
INFO 2025-07-24 00:36:54,132 basehttp 66346 6233370624 "GET /static/admin/img/sorting-icons.svg HTTP/1.1" 200 1097
INFO 2025-07-24 00:36:54,132 basehttp 66346 6250196992 "GET /static/admin/img/tooltag-add.svg HTTP/1.1" 200 331
